21.10.2020 17:54:51	This log contains information about the import schema operation into project 'CarsharingDB' on computer 'DESKTOP-K1QA476' by user 'k'.
21.10.2020 17:54:51	Import of database schema has started.
21.10.2020 17:54:57	Gathering database credentials
21.10.2020 17:54:57	Gathering database options
21.10.2020 17:54:57	Gathering generic database scoped configuration option
21.10.2020 17:54:57	Gathering users
21.10.2020 17:54:57	Gathering roles
21.10.2020 17:54:57	Gathering application roles
21.10.2020 17:54:57	Gathering role memberships
21.10.2020 17:54:57	Gathering filegroups
21.10.2020 17:54:57	Gathering full-text catalogs
21.10.2020 17:54:57	Gathering assemblies
21.10.2020 17:54:57	Gathering certificates
21.10.2020 17:54:57	Gathering asymmetric keys
21.10.2020 17:54:57	Gathering symmetric keys
21.10.2020 17:54:57	Gathering encrypted symmetric keys
21.10.2020 17:54:57	Gathering schemas
21.10.2020 17:54:57	Gathering XML schema collections
21.10.2020 17:54:57	Gathering user-defined data types
21.10.2020 17:54:57	Gathering user-defined types
21.10.2020 17:54:57	Gathering table types
21.10.2020 17:54:57	Gathering unique keys for table types
21.10.2020 17:54:57	Gathering primary keys for table types
21.10.2020 17:54:57	Gathering indexes for table types
21.10.2020 17:54:57	Gathering check constraints for table types
21.10.2020 17:54:57	Gathering default constraints for table types
21.10.2020 17:54:57	Gathering partition functions
21.10.2020 17:54:57	Gathering partition schemes
21.10.2020 17:54:57	Gathering functions
21.10.2020 17:54:57	Gathering encrypted functions
21.10.2020 17:54:57	Gathering aggregates
21.10.2020 17:54:57	Gathering procedures
21.10.2020 17:54:57	Gathering encrypted procedures
21.10.2020 17:54:57	Gathering tables
21.10.2020 17:54:57	Gathering primary keys
21.10.2020 17:54:57	Gathering unique constraints
21.10.2020 17:54:57	Gathering foreign keys
21.10.2020 17:54:57	Gathering default constraints
21.10.2020 17:54:57	Gathering check constraints
21.10.2020 17:54:57	Gathering views
21.10.2020 17:54:57	Gathering encrypted views
21.10.2020 17:54:57	Gathering indexes
21.10.2020 17:54:57	Gathering statistics
21.10.2020 17:54:57	Gathering full-text index stoplists
21.10.2020 17:54:57	Gathering search property lists
21.10.2020 17:54:57	Gathering search properties
21.10.2020 17:54:57	Gathering full-text indexes
21.10.2020 17:54:57	Gathering column store indexes
21.10.2020 17:54:57	Gathering spatial indexes
21.10.2020 17:54:57	Gathering XML indexes
21.10.2020 17:54:57	Gathering Selective XML indexes
21.10.2020 17:54:57	Gathering encrypted triggers
21.10.2020 17:54:57	Gathering triggers
21.10.2020 17:54:57	Gathering encrypted and clr ddl triggers
21.10.2020 17:54:57	Gathering ddl triggers
21.10.2020 17:54:57	Gathering synonyms
21.10.2020 17:54:57	Gathering defaults
21.10.2020 17:54:57	Gathering data constraint uddt bindings
21.10.2020 17:54:57	Gathering rules
21.10.2020 17:54:57	Gathering data constraint uddt bindings
21.10.2020 17:54:57	Gathering message types
21.10.2020 17:54:57	Gathering queues
21.10.2020 17:54:57	Gathering contracts
21.10.2020 17:54:57	Gathering services
21.10.2020 17:54:57	Gathering event notifications
21.10.2020 17:54:57	Gathering remote service bindings
21.10.2020 17:54:57	Gathering broker priorities
21.10.2020 17:54:57	Gathering signatures
21.10.2020 17:54:57	Gathering data compression options
21.10.2020 17:54:57	Gathering sequence types
21.10.2020 17:54:57	Gathering security policies
21.10.2020 17:54:57	Gather column encryption keys
21.10.2020 17:54:57	Gathering column master keys
21.10.2020 17:54:57	Gathering external data sources
21.10.2020 17:54:57	Gathering external file formats
21.10.2020 17:54:57	Gathering external tables
21.10.2020 17:54:57	Gathering extended properties
21.10.2020 17:54:58	Gathering credentials
21.10.2020 17:54:58	Gathering logins
21.10.2020 17:54:58	Gathering server audits
21.10.2020 17:54:58	An exception was encountered while attempting to retrieve the default data path: ''.  As a result, absolute paths may appear in ADD FILE statements.
21.10.2020 17:54:58	Scanning project for duplicate elements
21.10.2020 17:54:58	Finished duplicate element processing
21.10.2020 17:54:59	Finished importing database.
21.10.2020 17:54:59	A summary of the import was saved to the following location: C:\CarsharingDB\Import Schema Logs\CarsharingDB_20201021035451.log
21.10.2020 17:54:59	Click Finish to continue...
